[kernel] Parsing context-depth.c (with preprocessing)
[eva] Analyzing an incomplete application starting at main
[eva:initial-state] Values of globals at initialization
  s.v ∈ [--..--]
   .next ∈ {{ NULL ; &S_next_s[0] }}
  S_next_s[0].v ∈ [--..--]
          [0].next ∈ {{ NULL ; &S_next_0_S_next_s[0] }}
  S_next_0_S_next_s[0].v ∈ [--..--]
                   [0].next ∈
                   {{ garbled mix of &{WELL_next_0_S_next_0_S_next_s}
                    (origin: Well) }}
  WELL_next_0_S_next_0_S_next_s[bits 0 to ..] ∈
                               {{ garbled mix of &{WELL_next_0_S_next_0_S_next_s}
                                (origin: Well) }}
[eva] ====== VALUES COMPUTED ======
[eva:final-states] Values at end of function main:
  
[eva:summary] ====== ANALYSIS SUMMARY ======
  ----------------------------------------------------------------------------
  1 function analyzed (out of 1): 100% coverage.
  In this function, 1 statements reached (out of 1): 100% coverage.
  ----------------------------------------------------------------------------
  No errors or warnings raised during the analysis.
  ----------------------------------------------------------------------------
  0 alarms generated by the analysis.
  ----------------------------------------------------------------------------
  No logical properties have been reached by the analysis.
  ----------------------------------------------------------------------------
