[kernel] Parsing context-width.c (with preprocessing)
[eva] Analyzing a complete application starting at main
[eva:initial-state] Values of globals at initialization
  
[eva] context-width.c:3: 
  Frama_C_dump_each:
  # cvalue:
  t ∈ {{ NULL ; &S_t[0] }}
  S_t[0] ∈ {{ NULL ; &S_0_S_t[0] }}
     [1] ∈ {{ NULL ; &S_1_S_t[0] }}
     [2..4] ∈ {{ NULL ; &S_0_S_t[0] ; &S_1_S_t[0] }}
  S_0_S_t[0..1] ∈ [--..--]
  S_1_S_t[0..1] ∈ [--..--]
  ==END OF DUMP==
[eva] ====== VALUES COMPUTED ======
[eva:final-states] Values at end of function main:
  
[eva:summary] ====== ANALYSIS SUMMARY ======
  ----------------------------------------------------------------------------
  1 function analyzed (out of 1): 100% coverage.
  In this function, 2 statements reached (out of 2): 100% coverage.
  ----------------------------------------------------------------------------
  No errors or warnings raised during the analysis.
  ----------------------------------------------------------------------------
  0 alarms generated by the analysis.
  ----------------------------------------------------------------------------
  No logical properties have been reached by the analysis.
  ----------------------------------------------------------------------------
