[kernel] Parsing global-initial-values.c (with preprocessing)
[eva] Analyzing an incomplete application starting at main
[eva:initial-state] Values of globals at initialization
  s.i ∈ [--..--]
   .f ∈ [-3.40282346639e+38 .. 3.40282346639e+38]
   .p ∈ {{ NULL ; &S_p_s[0] }}
  S_p_s[0..1] ∈ [--..--]
[eva] ====== VALUES COMPUTED ======
[eva:final-states] Values at end of function main:
  
[eva:summary] ====== ANALYSIS SUMMARY ======
  ----------------------------------------------------------------------------
  1 function analyzed (out of 1): 100% coverage.
  In this function, 1 statements reached (out of 1): 100% coverage.
  ----------------------------------------------------------------------------
  No errors or warnings raised during the analysis.
  ----------------------------------------------------------------------------
  0 alarms generated by the analysis.
  ----------------------------------------------------------------------------
  No logical properties have been reached by the analysis.
  ----------------------------------------------------------------------------
