[kernel] Parsing ilevel.c (with preprocessing)
[eva] Analyzing a complete application starting at main
[eva:initial-state] Values of globals at initialization
  t[0] ∈ {2}
   [1] ∈ {3}
   [2] ∈ {5}
   [3] ∈ {7}
   [4] ∈ {11}
   [5] ∈ {13}
   [6] ∈ {17}
   [7] ∈ {19}
   [8] ∈ {23}
   [9] ∈ {27}
   [10] ∈ {29}
   [11] ∈ {31}
[eva] using specification for function Frama_C_interval
[eva] ====== VALUES COMPUTED ======
[eva:final-states] Values at end of function main:
  Frama_C_entropy_source ∈ [--..--]
  __retres ∈ [2..31]
[eva:summary] ====== ANALYSIS SUMMARY ======
  ----------------------------------------------------------------------------
  1 function analyzed (out of 1): 100% coverage.
  In this function, 5 statements reached (out of 5): 100% coverage.
  ----------------------------------------------------------------------------
  No errors or warnings raised during the analysis.
  ----------------------------------------------------------------------------
  0 alarms generated by the analysis.
  ----------------------------------------------------------------------------
  Evaluation of the logical properties reached by the analysis:
    Assertions        0 valid     0 unknown     0 invalid      0 total
    Preconditions     1 valid     0 unknown     0 invalid      1 total
  100% of the logical properties reached have been proven.
  ----------------------------------------------------------------------------
