[kernel] Parsing out-of-bound.c (with preprocessing)
[eva] Analyzing a complete application starting at main
[eva:initial-state] Values of globals at initialization
  t[0..9][0..9] ∈ {0}
[eva:alarm] out-of-bound.c:4: Warning: 
  accessing out of bounds index. assert 12 < 10;
[eva] out-of-bound.c:4: assertion 'Eva,index_bound' got final status invalid.
[eva] ====== VALUES COMPUTED ======
[eva:final-states] Values at end of function main:
  NON TERMINATING FUNCTION
[eva:summary] ====== ANALYSIS SUMMARY ======
  ----------------------------------------------------------------------------
  1 function analyzed (out of 1): 100% coverage.
  In this function, 1 statements reached (out of 2): 50% coverage.
  ----------------------------------------------------------------------------
  No errors or warnings raised during the analysis.
  ----------------------------------------------------------------------------
  1 alarm generated by the analysis:
       1 access out of bounds index
  1 of them is a sure alarm (invalid status).
  ----------------------------------------------------------------------------
  No logical properties have been reached by the analysis.
  ----------------------------------------------------------------------------
