[kernel] Parsing recursion-imprecise.c (with preprocessing)
[eva] Analyzing a complete application starting at main
[eva:initial-state] Values of globals at initialization
  
[eva] recursion-imprecise.c:3: Frama_C_show_each: [-2147483648..2147483647]
[eva:recursion] recursion-imprecise.c:5: 
  detected recursive call of function mod3.
[eva:alarm] recursion-imprecise.c:5: Warning: 
  signed overflow. assert -2147483648 ≤ x - 1;
[eva] recursion-imprecise.c:3: Frama_C_show_each: [-2147483648..2147483646]
[eva] recursion-imprecise.c:3: Frama_C_show_each: [-2147483648..2147483644]
[eva] recursion-imprecise.c:3: Frama_C_show_each: [-2147483648..2147483643]
[eva] recursion-imprecise.c:5: Warning: 
  Using specification of function mod3 for recursive calls of depth 4.
  Analysis of function mod3 is thus incomplete and its soundness
  relies on the written specification.
[eva] using specification for function mod3
[eva:alarm] recursion-imprecise.c:5: Warning: 
  signed overflow. assert 1 + tmp ≤ 2147483647;
                   (tmp from mod3(x - 1))
[eva] ====== VALUES COMPUTED ======
[eva:final-states] Values at end of function mod3:
  __retres ∈ [-2147483647..2147483647]
[eva:final-states] Values at end of function main:
  r ∈ [-2147483644..2147483647]
[eva:summary] ====== ANALYSIS SUMMARY ======
  ----------------------------------------------------------------------------
  2 functions analyzed (out of 2): 100% coverage.
  In these functions, 12 statements reached (out of 12): 100% coverage.
  ----------------------------------------------------------------------------
  Some errors and warnings have been raised during the analysis:
    by the Eva analyzer:      0 errors    1 warning
    by the Frama-C kernel:    0 errors    0 warnings
  ----------------------------------------------------------------------------
  2 alarms generated by the analysis:
       2 integer overflows
  ----------------------------------------------------------------------------
  No logical properties have been reached by the analysis.
  ----------------------------------------------------------------------------
