[kernel] Parsing recursion-simple.c (with preprocessing)
[eva] Analyzing a complete application starting at main
[eva:initial-state] Values of globals at initialization
  
[eva:recursion] recursion-simple.c:4: 
  detected recursive call of function factorial.
[eva] recursion-simple.c:4: Warning: 
  Using specification of function factorial for recursive calls of depth 10.
  Analysis of function factorial is thus incomplete and its soundness
  relies on the written specification.
[eva] using specification for function factorial
[eva:alarm] recursion-simple.c:4: Warning: 
  signed overflow. assert -2147483648 ≤ i * tmp;
                   (tmp from factorial(i - 1))
[eva:alarm] recursion-simple.c:4: Warning: 
  signed overflow. assert i * tmp ≤ 2147483647;
                   (tmp from factorial(i - 1))
[eva] ====== VALUES COMPUTED ======
[eva:final-states] Values at end of function factorial:
  __retres ∈ [-2147483646..2147483646]
[eva:final-states] Values at end of function main:
  x ∈ {40320}
  y ∈ {0}
[eva:summary] ====== ANALYSIS SUMMARY ======
  ----------------------------------------------------------------------------
  2 functions analyzed (out of 2): 100% coverage.
  In these functions, 12 statements reached (out of 12): 100% coverage.
  ----------------------------------------------------------------------------
  Some errors and warnings have been raised during the analysis:
    by the Eva analyzer:      0 errors    1 warning
    by the Frama-C kernel:    0 errors    0 warnings
  ----------------------------------------------------------------------------
  2 alarms generated by the analysis:
       2 integer overflows
  ----------------------------------------------------------------------------
  No logical properties have been reached by the analysis.
  ----------------------------------------------------------------------------
