[kernel] Parsing simple-main.c (with preprocessing)
[eva] Analyzing a complete application starting at main
[eva:initial-state] Values of globals at initialization
  
[eva] simple-main.c:3: 
  Frama_C_dump_each:
  # cvalue:
  argc ∈ [--..--]
  argv ∈ {{ NULL ; &S_argv[0] }}
  __retres ∈ UNINITIALIZED
  S_argv[0] ∈ {{ NULL ; &S_0_S_argv[0] }}
        [1] ∈ {{ NULL ; &S_1_S_argv[0] }}
  S_0_S_argv[0..1] ∈ [--..--]
  S_1_S_argv[0..1] ∈ [--..--]
  ==END OF DUMP==
[eva] ====== VALUES COMPUTED ======
[eva:final-states] Values at end of function main:
  __retres ∈ {0}
[eva:summary] ====== ANALYSIS SUMMARY ======
  ----------------------------------------------------------------------------
  1 function analyzed (out of 1): 100% coverage.
  In this function, 3 statements reached (out of 3): 100% coverage.
  ----------------------------------------------------------------------------
  No errors or warnings raised during the analysis.
  ----------------------------------------------------------------------------
  0 alarms generated by the analysis.
  ----------------------------------------------------------------------------
  No logical properties have been reached by the analysis.
  ----------------------------------------------------------------------------
