[kernel] Parsing slevel.c (with preprocessing)
[eva] Analyzing a complete application starting at main
[eva:initial-state] Values of globals at initialization
  i ∈ {0}
  j ∈ {0}
  t[0..4][0..9] ∈ {0}
[eva] slevel.c:6: starting to merge loop iterations
[eva] ====== VALUES COMPUTED ======
[eva:final-states] Values at end of function main:
  i ∈ {5}
  j ∈ {10}
  t{[0..1][0..9]; [2][0..5]} ∈ {1}
   {[2][6..9]; [3..4][0..9]} ∈ {0; 1}
[eva:summary] ====== ANALYSIS SUMMARY ======
  ----------------------------------------------------------------------------
  1 function analyzed (out of 1): 100% coverage.
  In this function, 12 statements reached (out of 12): 100% coverage.
  ----------------------------------------------------------------------------
  No errors or warnings raised during the analysis.
  ----------------------------------------------------------------------------
  0 alarms generated by the analysis.
  ----------------------------------------------------------------------------
  No logical properties have been reached by the analysis.
  ----------------------------------------------------------------------------
