[kernel] Parsing split-array.c (with preprocessing)
[eva] Analyzing a complete application starting at main
[eva:initial-state] Values of globals at initialization
  t1[0] ∈ {1}
    [1] ∈ {2}
    [2] ∈ {3}
  t2[0] ∈ {4}
    [1] ∈ {5}
  t3[0] ∈ {6}
    [1] ∈ {7}
    [2] ∈ {8}
    [3] ∈ {9}
  t[0] ∈ {{ &t1[0] }}
   [1] ∈ {{ &t2[0] }}
   [2] ∈ {{ &t3[0] }}
  sizes[0] ∈ {3}
       [1] ∈ {2}
       [2] ∈ {4}
[eva:alarm] split-array.c:4: Warning: 
  function main: precondition got status unknown.
[eva] ====== VALUES COMPUTED ======
[eva:final-states] Values at end of function main:
  S ∈ {6; 9; 30}
[eva:summary] ====== ANALYSIS SUMMARY ======
  ----------------------------------------------------------------------------
  1 function analyzed (out of 1): 100% coverage.
  In this function, 10 statements reached (out of 10): 100% coverage.
  ----------------------------------------------------------------------------
  No errors or warnings raised during the analysis.
  ----------------------------------------------------------------------------
  0 alarms generated by the analysis.
  ----------------------------------------------------------------------------
  No logical properties have been reached by the analysis.
  ----------------------------------------------------------------------------
