[kernel] Parsing widen-hints.c (with preprocessing)
[eva] Analyzing a complete application starting at main
[eva:initial-state] Values of globals at initialization
  i ∈ {0}
  j ∈ {0}
[eva] widen-hints.c:6: starting to merge loop iterations
[eva] ====== VALUES COMPUTED ======
[eva:final-states] Values at end of function main:
  i ∈ {13}
  j ∈ [0..55]
  n ∈ {13}
[eva:summary] ====== ANALYSIS SUMMARY ======
  ----------------------------------------------------------------------------
  1 function analyzed (out of 1): 100% coverage.
  In this function, 9 statements reached (out of 9): 100% coverage.
  ----------------------------------------------------------------------------
  No errors or warnings raised during the analysis.
  ----------------------------------------------------------------------------
  0 alarms generated by the analysis.
  ----------------------------------------------------------------------------
  No logical properties have been reached by the analysis.
  ----------------------------------------------------------------------------
